[19:20:46] [ServerMain/INFO]: Building unoptimized datafixer
[19:20:47] [ServerMain/INFO]: Environment: authHost='https://authserver.mojang.com', accountsHost='https://api.mojang.com', sessionHost='https://sessionserver.mojang.com', servicesHost='https://api.minecraftservices.com', name='PROD'
[19:20:48] [ServerMain/INFO]: Loaded 7 recipes
[19:20:48] [ServerMain/INFO]: Loaded 1179 advancements
[19:20:49] [Server thread/INFO]: Starting minecraft server version 1.19.2
[19:20:49] [Server thread/INFO]: Loading properties
[19:20:49] [Server thread/INFO]: Default game type: SURVIVAL
[19:20:49] [Server thread/INFO]: Generating keypair
[19:20:49] [Server thread/INFO]: Starting Minecraft server on *:25565
[19:20:49] [Server thread/INFO]: Using default channel type
[19:20:50] [Server thread/INFO]: Preparing level "world"
[19:21:03] [Server thread/INFO]: Preparing start region for dimension minecraft:overworld
[19:21:04] [Worker-Main-4/INFO]: Preparing spawn area: 0%
[19:21:04] [Worker-Main-5/INFO]: Preparing spawn area: 0%
[19:21:04] [Worker-Main-1/INFO]: Preparing spawn area: 0%
[19:21:05] [Worker-Main-4/INFO]: Preparing spawn area: 0%
[19:21:05] [Worker-Main-3/INFO]: Preparing spawn area: 1%
[19:21:06] [Worker-Main-11/INFO]: Preparing spawn area: 1%
[19:21:06] [Worker-Main-9/INFO]: Preparing spawn area: 3%
[19:21:07] [Worker-Main-8/INFO]: Preparing spawn area: 4%
[19:21:07] [Worker-Main-6/INFO]: Preparing spawn area: 6%
[19:21:08] [Worker-Main-3/INFO]: Preparing spawn area: 9%
[19:21:08] [Worker-Main-6/INFO]: Preparing spawn area: 11%
[19:21:09] [Worker-Main-9/INFO]: Preparing spawn area: 13%
[19:21:09] [Worker-Main-2/INFO]: Preparing spawn area: 15%
[19:21:10] [Worker-Main-8/INFO]: Preparing spawn area: 19%
[19:21:10] [Worker-Main-2/INFO]: Preparing spawn area: 22%
[19:21:11] [Worker-Main-5/INFO]: Preparing spawn area: 25%
[19:21:11] [Worker-Main-11/INFO]: Preparing spawn area: 27%
[19:21:12] [Worker-Main-6/INFO]: Preparing spawn area: 31%
[19:21:12] [Worker-Main-4/INFO]: Preparing spawn area: 33%
[19:21:13] [Worker-Main-7/INFO]: Preparing spawn area: 37%
[19:21:13] [Worker-Main-6/INFO]: Preparing spawn area: 40%
[19:21:14] [Worker-Main-8/INFO]: Preparing spawn area: 42%
[19:21:14] [Worker-Main-2/INFO]: Preparing spawn area: 46%
[19:21:15] [Worker-Main-11/INFO]: Preparing spawn area: 48%
[19:21:15] [Worker-Main-7/INFO]: Preparing spawn area: 53%
[19:21:16] [Worker-Main-3/INFO]: Preparing spawn area: 55%
[19:21:16] [Worker-Main-10/INFO]: Preparing spawn area: 59%
[19:21:17] [Worker-Main-4/INFO]: Preparing spawn area: 61%
[19:21:17] [Worker-Main-1/INFO]: Preparing spawn area: 65%
[19:21:18] [Worker-Main-4/INFO]: Preparing spawn area: 68%
[19:21:18] [Worker-Main-7/INFO]: Preparing spawn area: 70%
[19:21:19] [Worker-Main-6/INFO]: Preparing spawn area: 72%
[19:21:19] [Worker-Main-11/INFO]: Preparing spawn area: 76%
[19:21:20] [Worker-Main-1/INFO]: Preparing spawn area: 82%
[19:21:20] [Worker-Main-10/INFO]: Preparing spawn area: 84%
[19:21:21] [Worker-Main-6/INFO]: Preparing spawn area: 87%
[19:21:21] [Worker-Main-6/INFO]: Preparing spawn area: 90%
[19:21:22] [Worker-Main-3/INFO]: Preparing spawn area: 95%
[19:21:22] [Server thread/INFO]: Time elapsed: 18997 ms
[19:21:22] [Server thread/INFO]: Done (32.401s)! For help, type "help"
[19:21:25] [Server thread/INFO]: Stopping the server
[19:21:25] [Server thread/INFO]: Stopping server
[19:21:25] [Server thread/INFO]: Saving players
[19:21:25] [Server thread/INFO]: Saving worlds
[19:21:26] [Server thread/INFO]: Saving chunks for level 'ServerLevel[world]'/minecraft:overworld
[19:21:26] [Server thread/INFO]: Saving chunks for level 'ServerLevel[world]'/minecraft:the_end
[19:21:26] [Server thread/INFO]: Saving chunks for level 'ServerLevel[world]'/minecraft:the_nether
[19:21:26] [Server thread/INFO]: ThreadedAnvilChunkStorage (world): All chunks are saved
[19:21:26] [Server thread/INFO]: ThreadedAnvilChunkStorage (DIM1): All chunks are saved
[19:21:26] [Server thread/INFO]: ThreadedAnvilChunkStorage (DIM-1): All chunks are saved
[19:21:26] [Server thread/INFO]: ThreadedAnvilChunkStorage: All dimensions are saved
